<?xml version="1.0" encoding="UTF-8"?>
<!-- Generated by org.testng.reporters.JUnitReportReporter -->
<testsuite ignored="0" hostname="DESKTOP-20O7HK5" failures="0" tests="1" name="com.course.cases.GetUserInfoTest" time="0.000" errors="0" timestamp="03 12æœˆ 2021 04:39:16 GMT" skipped="1">
  <testcase classname="com.course.cases.GetUserInfoTest" name="getUserInfo" time="0.000">
    <skipped/>
  </testcase> <!-- getUserInfo -->
</testsuite> <!-- com.course.cases.GetUserInfoTest -->
